0001_0260_0067_0187_0133.jpg 1 260 67 187 133
0002_0476_0348_0108_0077.jpg 1 476 348 108 77
0003_0293_0155_0232_0165.jpg 1 293 155 232 165
0004_0103_0264_0139_0099.jpg 1 103 264 139 99
0005_0093_0026_0324_0231.jpg 1 93 26 324 231
0006_0152_0039_0231_0165.jpg 1 152 39 231 165
0007_0273_0216_0311_0222.jpg 1 273 216 311 222
0008_0048_0260_0255_0182.jpg 1 48 260 255 182
0009_0065_0283_0310_0221.jpg 1 65 283 310 221
0010_0193_0077_0314_0224.jpg 1 193 77 314 224
0011_0365_0064_0171_0122.jpg 1 365 64 171 122
0012_0279_0146_0125_0089.jpg 1 279 146 125 89
0013_0214_0099_0230_0164.jpg 1 214 99 230 164
0014_0140_0142_0207_0148.jpg 1 140 142 207 148
0015_0384_0125_0109_0078.jpg 1 384 125 109 78
0016_0056_0286_0112_0080.jpg 1 56 286 112 80
0017_0219_0280_0211_0151.jpg 1 219 280 211 151
0018_0075_0251_0328_0234.jpg 1 75 251 328 234
0019_0131_0145_0269_0192.jpg 1 131 145 269 192
0020_0144_0281_0106_0076.jpg 1 144 281 106 76
0021_0322_0073_0193_0138.jpg 1 322 73 193 138
0022_0251_0180_0126_0090.jpg 1 251 180 126 90
0023_0049_0062_0180_0129.jpg 1 49 62 180 129
0024_0274_0080_0328_0234.jpg 1 274 80 328 234
0025_0091_0198_0321_0229.jpg 1 91 198 321 229
0026_0175_0072_0240_0171.jpg 1 175 72 240 171
0027_0047_0292_0228_0162.jpg 1 47 292 228 162
0028_0401_0353_0040_0028.jpg 1 401 353 40 28
0029_0083_0220_0325_0232.jpg 1 83 220 325 232
0030_0078_0287_0068_0048.jpg 1 78 287 68 48
0031_0310_0152_0062_0044.jpg 1 310 152 62 44
0032_0374_0194_0168_0120.jpg 1 374 194 168 120
0033_0057_0264_0310_0221.jpg 1 57 264 310 221
0034_0243_0228_0188_0134.jpg 1 243 228 188 134
0035_0286_0214_0067_0048.jpg 1 286 214 67 48
0036_0188_0196_0111_0079.jpg 1 188 196 111 79
0037_0101_0091_0194_0138.jpg 1 101 91 194 138
0038_0402_0043_0148_0105.jpg 1 402 43 148 105
0039_0264_0077_0226_0161.jpg 1 264 77 226 161
0040_0203_0153_0188_0134.jpg 1 203 153 188 134
0041_0254_0037_0332_0237.jpg 1 254 37 332 237
0042_0398_0369_0095_0068.jpg 1 398 369 95 68
0043_0195_0048_0257_0183.jpg 1 195 48 257 183
0044_0282_0039_0312_0223.jpg 1 282 39 312 223
0045_0075_0177_0228_0163.jpg 1 75 177 228 163
0046_0153_0243_0110_0078.jpg 1 153 243 110 78
0047_0250_0300_0180_0129.jpg 1 250 300 180 129
0048_0119_0242_0101_0072.jpg 1 119 242 101 72
0049_0142_0205_0284_0203.jpg 1 142 205 284 203
0050_0034_0359_0160_0114.jpg 1 34 359 160 114
0051_0383_0251_0177_0127.jpg 1 383 251 177 127
0052_0251_0223_0296_0211.jpg 1 251 223 296 211
0053_0190_0359_0224_0160.jpg 1 190 359 224 160
0054_0377_0275_0153_0109.jpg 1 377 275 153 109
0055_0486_0284_0084_0060.jpg 1 486 284 84 60
0056_0035_0268_0238_0170.jpg 1 35 268 238 170
0057_0074_0207_0074_0053.jpg 1 74 207 74 53
0058_0154_0080_0309_0220.jpg 1 154 80 309 220
0059_0229_0198_0206_0147.jpg 1 229 198 206 147
0060_0023_0340_0277_0198.jpg 1 23 340 277 198
0061_0062_0094_0312_0222.jpg 1 62 94 312 222
0062_0056_0176_0289_0206.jpg 1 56 176 289 206
0063_0287_0085_0234_0167.jpg 1 287 85 234 167
0064_0420_0222_0168_0120.jpg 1 420 222 168 120
0065_0468_0264_0105_0075.jpg 1 468 264 105 75
0066_0172_0160_0087_0062.jpg 1 172 160 87 62
0067_0324_0253_0174_0124.jpg 1 324 253 174 124
0068_0475_0078_0075_0053.jpg 1 475 78 75 53
0069_0072_0160_0285_0204.jpg 1 72 160 285 204
0070_0189_0228_0173_0124.jpg 1 189 228 173 124
0071_0169_0068_0138_0098.jpg 1 169 68 138 98
0072_0242_0109_0274_0196.jpg 1 242 109 274 196
0073_0429_0166_0098_0070.jpg 1 429 166 98 70
0074_0085_0096_0244_0174.jpg 1 85 96 244 174
0075_0309_0464_0064_0046.jpg 1 309 464 64 46
0076_0130_0140_0144_0103.jpg 1 130 140 144 103
0077_0304_0190_0234_0167.jpg 1 304 190 234 167
0078_0200_0176_0287_0205.jpg 1 200 176 287 205
0079_0129_0160_0328_0234.jpg 1 129 160 328 234
0080_0308_0219_0277_0198.jpg 1 308 219 277 198
0081_0150_0043_0198_0141.jpg 1 150 43 198 141
0082_0287_0198_0292_0209.jpg 1 287 198 292 209
0083_0322_0077_0163_0117.jpg 1 322 77 163 117
0084_0126_0266_0125_0089.jpg 1 126 266 125 89
0085_0498_0378_0036_0026.jpg 1 498 378 36 26
0086_0191_0127_0120_0085.jpg 1 191 127 120 85
0087_0339_0285_0068_0048.jpg 1 339 285 68 48
0088_0121_0039_0202_0144.jpg 1 121 39 202 144
0089_0212_0106_0334_0238.jpg 1 212 106 334 238
0090_0062_0098_0047_0034.jpg 1 62 98 47 34
0091_0212_0097_0254_0181.jpg 1 212 97 254 181
0092_0127_0116_0292_0209.jpg 1 127 116 292 209
0093_0049_0250_0221_0157.jpg 1 49 250 221 157
0094_0096_0120_0309_0221.jpg 1 96 120 309 221
0095_0204_0160_0230_0164.jpg 1 204 160 230 164
0096_0079_0285_0196_0140.jpg 1 79 285 196 140
0097_0316_0231_0067_0048.jpg 1 316 231 67 48
0098_0032_0279_0278_0199.jpg 1 32 279 278 199
0099_0408_0079_0066_0047.jpg 1 408 79 66 47
0100_0181_0313_0183_0131.jpg 1 181 313 183 131
0101_0208_0231_0227_0162.jpg 1 208 231 227 162
0102_0109_0215_0090_0064.jpg 1 109 215 90 64
0103_0142_0175_0124_0088.jpg 1 142 175 124 88
0104_0350_0209_0120_0085.jpg 1 350 209 120 85
0105_0076_0049_0278_0199.jpg 1 76 49 278 199
0106_0159_0218_0212_0151.jpg 1 159 218 212 151
0107_0274_0194_0331_0236.jpg 1 274 194 331 236
0108_0226_0174_0180_0128.jpg 1 226 174 180 128
0109_0200_0227_0240_0172.jpg 1 200 227 240 172
0110_0309_0126_0084_0060.jpg 1 309 126 84 60
0111_0171_0147_0167_0119.jpg 1 171 147 167 119
0112_0285_0410_0066_0047.jpg 1 285 410 66 47
0113_0175_0277_0111_0079.jpg 1 175 277 111 79
0114_0330_0054_0208_0149.jpg 1 330 54 208 149
0115_0251_0284_0219_0157.jpg 1 251 284 219 157
0116_0199_0151_0210_0150.jpg 1 199 151 210 150
0117_0043_0113_0227_0162.jpg 1 43 113 227 162
0118_0253_0252_0187_0133.jpg 1 253 252 187 133
0119_0435_0352_0110_0079.jpg 1 435 352 110 79
0120_0294_0068_0223_0159.jpg 1 294 68 223 159
0121_0136_0087_0168_0120.jpg 1 136 87 168 120
0122_0309_0205_0246_0175.jpg 1 309 205 246 175
0123_0230_0138_0135_0096.jpg 1 230 138 135 96
0124_0097_0154_0187_0133.jpg 1 97 154 187 133
0125_0085_0120_0165_0118.jpg 1 85 120 165 118
0126_0058_0261_0296_0211.jpg 1 58 261 296 211
0127_0105_0075_0231_0165.jpg 1 105 75 231 165
0128_0467_0341_0110_0079.jpg 1 467 341 110 79
0129_0183_0217_0319_0228.jpg 1 183 217 319 228
0130_0127_0061_0159_0113.jpg 1 127 61 159 113
0131_0198_0070_0297_0212.jpg 1 198 70 297 212
0132_0068_0384_0263_0188.jpg 1 68 384 263 188
0133_0444_0076_0117_0083.jpg 1 444 76 117 83
0134_0382_0111_0124_0088.jpg 1 382 111 124 88
0135_0259_0349_0095_0068.jpg 1 259 349 95 68
0136_0096_0434_0050_0036.jpg 1 96 434 50 36
0137_0225_0204_0220_0157.jpg 1 225 204 220 157
0138_0191_0052_0252_0180.jpg 1 191 52 252 180
0139_0072_0355_0134_0095.jpg 1 72 355 134 95
0140_0137_0077_0277_0198.jpg 1 137 77 277 198
0141_0335_0494_0060_0043.jpg 1 335 494 60 43
0142_0225_0101_0136_0097.jpg 1 225 101 136 97
0143_0142_0123_0283_0202.jpg 1 142 123 283 202
0144_0144_0174_0078_0056.jpg 1 144 174 78 56
0145_0423_0317_0150_0107.jpg 1 423 317 150 107
0146_0077_0108_0141_0101.jpg 1 77 108 141 101
0147_0099_0030_0294_0210.jpg 1 99 30 294 210
0148_0397_0069_0108_0077.jpg 1 397 69 108 77
0149_0316_0216_0192_0137.jpg 1 316 216 192 137
0150_0244_0033_0240_0171.jpg 1 244 33 240 171
0151_0282_0159_0295_0210.jpg 1 282 159 295 210
0152_0330_0215_0116_0082.jpg 1 330 215 116 82
0153_0280_0191_0062_0044.jpg 1 280 191 62 44
0154_0080_0090_0157_0112.jpg 1 80 90 157 112
0155_0355_0217_0220_0157.jpg 1 355 217 220 157
0156_0231_0215_0197_0141.jpg 1 231 215 197 141
0157_0278_0270_0098_0070.jpg 1 278 270 98 70
0158_0119_0227_0166_0119.jpg 1 119 227 166 119
0159_0200_0162_0303_0216.jpg 1 200 162 303 216
0160_0246_0071_0328_0234.jpg 1 246 71 328 234
0161_0419_0272_0122_0087.jpg 1 419 272 122 87
0162_0149_0208_0237_0169.jpg 1 149 208 237 169
0163_0199_0046_0078_0055.jpg 1 199 46 78 55
0164_0237_0103_0250_0178.jpg 1 237 103 250 178
0165_0366_0193_0209_0149.jpg 1 366 193 209 149
0166_0156_0153_0302_0215.jpg 1 156 153 302 215
0167_0163_0264_0252_0180.jpg 1 163 264 252 180
0168_0375_0125_0201_0143.jpg 1 375 125 201 143
0169_0071_0135_0236_0169.jpg 1 71 135 236 169
0170_0225_0104_0232_0166.jpg 1 225 104 232 166
0171_0197_0234_0294_0210.jpg 1 197 234 294 210
0172_0257_0086_0326_0232.jpg 1 257 86 326 232
0173_0159_0090_0240_0171.jpg 1 159 90 240 171
0174_0439_0066_0081_0057.jpg 1 439 66 81 57
0175_0334_0291_0151_0108.jpg 1 334 291 151 108
0176_0101_0176_0182_0130.jpg 1 101 176 182 130
0177_0086_0116_0150_0107.jpg 1 86 116 150 107
0178_0310_0091_0223_0159.jpg 1 310 91 223 159
0179_0085_0283_0332_0237.jpg 1 85 283 332 237
0180_0089_0287_0067_0048.jpg 1 89 287 67 48
0181_0111_0092_0150_0107.jpg 1 111 92 150 107
0182_0300_0442_0086_0061.jpg 1 300 442 86 61
0183_0273_0190_0114_0081.jpg 1 273 190 114 81
0184_0098_0185_0330_0236.jpg 1 98 185 330 236
0185_0415_0066_0133_0095.jpg 1 415 66 133 95
0186_0391_0202_0174_0124.jpg 1 391 202 174 124
0187_0088_0061_0228_0163.jpg 1 88 61 228 163
0188_0120_0259_0144_0103.jpg 1 120 259 144 103
0189_0079_0100_0318_0227.jpg 1 79 100 318 227
0190_0316_0335_0123_0087.jpg 1 316 335 123 87
0191_0265_0116_0330_0236.jpg 1 265 116 330 236
0192_0084_0034_0332_0237.jpg 1 84 34 332 237
0193_0036_0309_0253_0181.jpg 1 36 309 253 181
0194_0381_0259_0215_0153.jpg 1 381 259 215 153
0195_0132_0331_0078_0056.jpg 1 132 331 78 56
0196_0240_0200_0046_0033.jpg 1 240 200 46 33
0197_0272_0414_0086_0062.jpg 1 272 414 86 62
0198_0192_0320_0188_0134.jpg 1 192 320 188 134
0199_0054_0227_0305_0217.jpg 1 54 227 305 217
0200_0289_0151_0317_0226.jpg 1 289 151 317 226
0201_0061_0270_0091_0065.jpg 1 61 270 91 65
0202_0329_0225_0055_0039.jpg 1 329 225 55 39
0203_0195_0195_0145_0103.jpg 1 195 195 145 103
0204_0066_0185_0311_0222.jpg 1 66 185 311 222
0205_0086_0416_0070_0050.jpg 1 86 416 70 50
0206_0171_0211_0297_0212.jpg 1 171 211 297 212
0207_0270_0058_0300_0214.jpg 1 270 58 300 214
0208_0300_0204_0153_0109.jpg 1 300 204 153 109
0209_0046_0131_0329_0235.jpg 1 46 131 329 235
0210_0453_0178_0130_0092.jpg 1 453 178 130 92
0211_0096_0207_0070_0050.jpg 1 96 207 70 50
0212_0139_0209_0206_0147.jpg 1 139 209 206 147
0213_0360_0541_0035_0025.jpg 1 360 541 35 25
0214_0408_0227_0059_0042.jpg 1 408 227 59 42
0215_0331_0067_0055_0039.jpg 1 331 67 55 39
0216_0116_0352_0107_0076.jpg 1 116 352 107 76
0217_0155_0257_0263_0188.jpg 1 155 257 263 188
0218_0160_0174_0068_0048.jpg 1 160 174 68 48
0219_0248_0103_0249_0178.jpg 1 248 103 249 178
0220_0079_0072_0264_0188.jpg 1 79 72 264 188
0221_0219_0053_0195_0139.jpg 1 219 53 195 139
0222_0340_0106_0101_0072.jpg 1 340 106 101 72
0223_0223_0075_0244_0174.jpg 1 223 75 244 174
0224_0176_0419_0041_0029.jpg 1 176 419 41 29
0225_0432_0187_0153_0109.jpg 1 432 187 153 109
0226_0089_0196_0281_0201.jpg 1 89 196 281 201
0227_0537_0226_0036_0025.jpg 1 537 226 36 25
0228_0134_0194_0130_0092.jpg 1 134 194 130 92
0229_0110_0202_0289_0206.jpg 1 110 202 289 206
0230_0355_0372_0042_0030.jpg 1 355 372 42 30
0231_0067_0279_0333_0238.jpg 1 67 279 333 238
0232_0241_0141_0165_0118.jpg 1 241 141 165 118
0233_0107_0290_0158_0113.jpg 1 107 290 158 113
0234_0089_0093_0082_0058.jpg 1 89 93 82 58
0235_0196_0356_0035_0025.jpg 1 196 356 35 25
0236_0241_0100_0222_0158.jpg 1 241 100 222 158
0237_0260_0093_0094_0067.jpg 1 260 93 94 67
0238_0377_0187_0190_0136.jpg 1 377 187 190 136
0239_0155_0213_0326_0233.jpg 1 155 213 326 233
0240_0238_0196_0258_0184.jpg 1 238 196 258 184
0241_0210_0178_0330_0236.jpg 1 210 178 330 236
0242_0381_0129_0205_0146.jpg 1 381 129 205 146
0243_0128_0388_0155_0111.jpg 1 128 388 155 111
0244_0111_0134_0196_0140.jpg 1 111 134 196 140
0245_0137_0197_0057_0041.jpg 1 137 197 57 41
0246_0075_0316_0047_0033.jpg 1 75 316 47 33
0247_0068_0191_0287_0205.jpg 1 68 191 287 205
0248_0415_0238_0096_0069.jpg 1 415 238 96 69
0249_0057_0173_0327_0234.jpg 1 57 173 327 234
0250_0085_0216_0250_0178.jpg 1 85 216 250 178
0251_0162_0112_0065_0047.jpg 1 162 112 65 47
0252_0237_0087_0326_0233.jpg 1 237 87 326 233
0253_0145_0075_0321_0229.jpg 1 145 75 321 229
0254_0435_0054_0085_0060.jpg 1 435 54 85 60
0255_0077_0287_0174_0124.jpg 1 77 287 174 124
0256_0199_0113_0327_0233.jpg 1 199 113 327 233
0257_0112_0210_0062_0044.jpg 1 112 210 62 44
0258_0059_0179_0262_0187.jpg 1 59 179 262 187
0259_0046_0144_0300_0214.jpg 1 46 144 300 214
0260_0299_0170_0060_0043.jpg 1 299 170 60 43
0261_0195_0100_0204_0145.jpg 1 195 100 204 145
0262_0069_0114_0035_0025.jpg 1 69 114 35 25
0263_0110_0112_0187_0133.jpg 1 110 112 187 133
0264_0136_0104_0292_0208.jpg 1 136 104 292 208
0265_0346_0431_0092_0065.jpg 1 346 431 92 65
0266_0147_0353_0283_0202.jpg 1 147 353 283 202
0267_0118_0045_0335_0239.jpg 1 118 45 335 239
0268_0381_0287_0205_0146.jpg 1 381 287 205 146
0269_0275_0115_0306_0218.jpg 1 275 115 306 218
0270_0124_0387_0195_0139.jpg 1 124 387 195 139
0271_0298_0156_0216_0154.jpg 1 298 156 216 154
0272_0386_0068_0075_0053.jpg 1 386 68 75 53
0273_0229_0163_0306_0218.jpg 1 229 163 306 218
0274_0109_0224_0247_0177.jpg 1 109 224 247 177
0275_0040_0356_0207_0148.jpg 1 40 356 207 148
0276_0053_0371_0305_0217.jpg 1 53 371 305 217
0277_0363_0166_0232_0166.jpg 1 363 166 232 166
0278_0052_0245_0282_0202.jpg 1 52 245 282 202
0279_0077_0256_0177_0126.jpg 1 77 256 177 126
0280_0221_0170_0289_0206.jpg 1 221 170 289 206
0281_0334_0288_0139_0099.jpg 1 334 288 139 99
0282_0085_0288_0167_0119.jpg 1 85 288 167 119
0283_0207_0035_0216_0154.jpg 1 207 35 216 154
0284_0120_0378_0038_0027.jpg 1 120 378 38 27
0285_0175_0229_0122_0087.jpg 1 175 229 122 87
0286_0174_0114_0083_0059.jpg 1 174 114 83 59
0287_0112_0309_0118_0084.jpg 1 112 309 118 84
0288_0088_0081_0299_0214.jpg 1 88 81 299 214
0289_0091_0246_0179_0128.jpg 1 91 246 179 128
0290_0117_0131_0320_0228.jpg 1 117 131 320 228
0291_0362_0310_0164_0117.jpg 1 362 310 164 117
0292_0092_0042_0331_0237.jpg 1 92 42 331 237
0293_0374_0239_0198_0141.jpg 1 374 239 198 141
0294_0280_0220_0106_0076.jpg 1 280 220 106 76
0295_0119_0302_0066_0047.jpg 1 119 302 66 47
0296_0255_0490_0120_0086.jpg 1 255 490 120 86
0297_0306_0164_0161_0115.jpg 1 306 164 161 115
0298_0141_0160_0259_0185.jpg 1 141 160 259 185
0299_0140_0195_0259_0185.jpg 1 140 195 259 185
0300_0514_0142_0046_0033.jpg 1 514 142 46 33
0301_0308_0150_0185_0132.jpg 1 308 150 185 132
0302_0175_0220_0317_0226.jpg 1 175 220 317 226
0303_0045_0259_0229_0163.jpg 1 45 259 229 163
0304_0318_0129_0250_0179.jpg 1 318 129 250 179
0305_0049_0399_0268_0191.jpg 1 49 399 268 191
0306_0494_0328_0085_0060.jpg 1 494 328 85 60
0307_0250_0081_0059_0042.jpg 1 250 81 59 42
0308_0462_0302_0112_0080.jpg 1 462 302 112 80
0309_0379_0294_0095_0068.jpg 1 379 294 95 68
0310_0065_0311_0170_0121.jpg 1 65 311 170 121
0311_0164_0183_0196_0140.jpg 1 164 183 196 140
0312_0287_0076_0265_0189.jpg 1 287 76 265 189
0313_0252_0297_0058_0041.jpg 1 252 297 58 41
0314_0101_0157_0093_0067.jpg 1 101 157 93 67
0315_0111_0224_0315_0225.jpg 1 111 224 315 225
0316_0096_0100_0192_0137.jpg 1 96 100 192 137
0317_0091_0185_0327_0233.jpg 1 91 185 327 233
0318_0099_0118_0040_0029.jpg 1 99 118 40 29
0319_0096_0269_0321_0229.jpg 1 96 269 321 229
0320_0149_0288_0258_0184.jpg 1 149 288 258 184
0321_0084_0346_0192_0137.jpg 1 84 346 192 137
0322_0105_0038_0196_0140.jpg 1 105 38 196 140
0323_0323_0240_0083_0059.jpg 1 323 240 83 59
0324_0247_0365_0157_0112.jpg 1 247 365 157 112
0325_0385_0234_0150_0107.jpg 1 385 234 150 107
0326_0345_0264_0055_0039.jpg 1 345 264 55 39
0327_0212_0183_0198_0141.jpg 1 212 183 198 141
0328_0204_0044_0187_0133.jpg 1 204 44 187 133
0329_0189_0213_0209_0149.jpg 1 189 213 209 149
0330_0299_0044_0306_0218.jpg 1 299 44 306 218
0331_0168_0145_0217_0155.jpg 1 168 145 217 155
0332_0336_0049_0132_0094.jpg 1 336 49 132 94
0333_0140_0210_0305_0218.jpg 1 140 210 305 218
0334_0144_0128_0213_0152.jpg 1 144 128 213 152
0335_0323_0136_0167_0119.jpg 1 323 136 167 119
0336_0140_0222_0088_0063.jpg 1 140 222 88 63
0337_0167_0319_0075_0053.jpg 1 167 319 75 53
0338_0135_0317_0036_0026.jpg 1 135 317 36 26
0339_0067_0223_0192_0137.jpg 1 67 223 192 137
0340_0061_0317_0049_0035.jpg 1 61 317 49 35
0341_0179_0138_0173_0124.jpg 1 179 138 173 124
0342_0088_0232_0243_0173.jpg 1 88 232 243 173
0343_0320_0105_0256_0183.jpg 1 320 105 256 183
0344_0097_0374_0056_0040.jpg 1 97 374 56 40
0345_0344_0155_0245_0175.jpg 1 344 155 245 175
0346_0294_0147_0216_0154.jpg 1 294 147 216 154
0347_0202_0353_0120_0086.jpg 1 202 353 120 86
0348_0189_0429_0055_0039.jpg 1 189 429 55 39
0349_0173_0214_0114_0081.jpg 1 173 214 114 81
0350_0181_0196_0261_0186.jpg 1 181 196 261 186
0351_0078_0077_0238_0170.jpg 1 78 77 238 170
0352_0339_0076_0206_0147.jpg 1 339 76 206 147
0353_0114_0078_0232_0166.jpg 1 114 78 232 166
0354_0225_0225_0110_0078.jpg 1 225 225 110 78
0355_0240_0244_0262_0187.jpg 1 240 244 262 187
0356_0132_0248_0313_0223.jpg 1 132 248 313 223
0357_0063_0359_0222_0158.jpg 1 63 359 222 158
0358_0303_0170_0295_0210.jpg 1 303 170 295 210
0359_0168_0232_0053_0038.jpg 1 168 232 53 38
0360_0188_0229_0293_0209.jpg 1 188 229 293 209
0361_0195_0357_0054_0039.jpg 1 195 357 54 39
0362_0152_0101_0152_0108.jpg 1 152 101 152 108
0363_0120_0318_0136_0097.jpg 1 120 318 136 97
0364_0064_0073_0053_0038.jpg 1 64 73 53 38
0365_0203_0056_0248_0177.jpg 1 203 56 248 177
0366_0151_0109_0254_0181.jpg 1 151 109 254 181
0367_0162_0080_0200_0143.jpg 1 162 80 200 143
0368_0028_0146_0334_0239.jpg 1 28 146 334 239
0369_0215_0458_0146_0104.jpg 1 215 458 146 104
0370_0234_0124_0317_0226.jpg 1 234 124 317 226
0371_0225_0074_0111_0079.jpg 1 225 74 111 79
0372_0056_0042_0320_0228.jpg 1 56 42 320 228
0373_0224_0364_0096_0069.jpg 1 224 364 96 69
0374_0233_0223_0190_0136.jpg 1 233 223 190 136
0375_0108_0214_0242_0173.jpg 1 108 214 242 173
0376_0177_0133_0146_0104.jpg 1 177 133 146 104
0377_0251_0036_0176_0125.jpg 1 251 36 176 125
0378_0105_0213_0286_0204.jpg 1 105 213 286 204
0379_0102_0172_0249_0178.jpg 1 102 172 249 178
0380_0306_0043_0252_0180.jpg 1 306 43 252 180
0381_0041_0036_0320_0229.jpg 1 41 36 320 229
0382_0326_0168_0273_0195.jpg 1 326 168 273 195
0383_0185_0213_0037_0026.jpg 1 185 213 37 26
0384_0381_0082_0078_0056.jpg 1 381 82 78 56
0385_0272_0085_0272_0194.jpg 1 272 85 272 194
0386_0255_0192_0248_0177.jpg 1 255 192 248 177
0387_0052_0180_0220_0157.jpg 1 52 180 220 157
0388_0126_0248_0267_0191.jpg 1 126 248 267 191
0389_0251_0133_0086_0061.jpg 1 251 133 86 61
0390_0042_0333_0072_0052.jpg 1 42 333 72 52
0391_0270_0156_0221_0158.jpg 1 270 156 221 158
0392_0282_0069_0274_0196.jpg 1 282 69 274 196
0393_0174_0095_0150_0107.jpg 1 174 95 150 107
0394_0078_0082_0125_0089.jpg 1 78 82 125 89
0395_0094_0145_0248_0177.jpg 1 94 145 248 177
0396_0247_0329_0048_0034.jpg 1 247 329 48 34
0397_0098_0109_0256_0182.jpg 1 98 109 256 182
0398_0129_0172_0226_0161.jpg 1 129 172 226 161
0399_0147_0255_0128_0091.jpg 1 147 255 128 91
0400_0072_0207_0239_0171.jpg 1 72 207 239 171
0401_0214_0274_0121_0086.jpg 1 214 274 121 86
0402_0180_0064_0252_0180.jpg 1 180 64 252 180
0403_0400_0062_0188_0134.jpg 1 400 62 188 134
0404_0268_0236_0062_0044.jpg 1 268 236 62 44
0405_0154_0223_0040_0028.jpg 1 154 223 40 28
0406_0115_0095_0193_0138.jpg 1 115 95 193 138
0407_0405_0089_0167_0119.jpg 1 405 89 167 119
0408_0062_0199_0272_0194.jpg 1 62 199 272 194
0409_0047_0090_0330_0235.jpg 1 47 90 330 235
0410_0270_0250_0279_0199.jpg 1 270 250 279 199
0411_0166_0193_0205_0146.jpg 1 166 193 205 146
0412_0312_0128_0206_0147.jpg 1 312 128 206 147
0413_0160_0045_0040_0029.jpg 1 160 45 40 29
0414_0304_0054_0275_0196.jpg 1 304 54 275 196
0415_0457_0168_0070_0050.jpg 1 457 168 70 50
0416_0176_0098_0241_0172.jpg 1 176 98 241 172
0417_0374_0047_0171_0122.jpg 1 374 47 171 122
0418_0341_0350_0054_0039.jpg 1 341 350 54 39
0419_0231_0254_0208_0148.jpg 1 231 254 208 148
0420_0167_0085_0328_0234.jpg 1 167 85 328 234
0421_0148_0368_0035_0025.jpg 1 148 368 35 25
0422_0078_0127_0302_0215.jpg 1 78 127 302 215
0423_0180_0118_0041_0029.jpg 1 180 118 41 29
0424_0057_0055_0228_0162.jpg 1 57 55 228 162
0425_0116_0382_0045_0032.jpg 1 116 382 45 32
0426_0251_0316_0166_0118.jpg 1 251 316 166 118
0427_0059_0358_0267_0191.jpg 1 59 358 267 191
0428_0270_0204_0130_0093.jpg 1 270 204 130 93
0429_0290_0285_0070_0050.jpg 1 290 285 70 50
0430_0114_0124_0317_0226.jpg 1 114 124 317 226
0431_0453_0350_0089_0063.jpg 1 453 350 89 63
0432_0266_0235_0098_0070.jpg 1 266 235 98 70
0433_0391_0281_0120_0086.jpg 1 391 281 120 86
0434_0060_0124_0141_0101.jpg 1 60 124 141 101
0435_0399_0208_0172_0123.jpg 1 399 208 172 123
0436_0310_0066_0130_0093.jpg 1 310 66 130 93
0437_0098_0260_0267_0191.jpg 1 98 260 267 191
0438_0088_0212_0284_0203.jpg 1 88 212 284 203
0439_0265_0283_0162_0116.jpg 1 265 283 162 116
0440_0048_0260_0252_0180.jpg 1 48 260 252 180
0441_0076_0413_0110_0079.jpg 1 76 413 110 79
0442_0250_0078_0097_0069.jpg 1 250 78 97 69
0443_0148_0322_0161_0115.jpg 1 148 322 161 115
0444_0142_0084_0225_0160.jpg 1 142 84 225 160
0445_0212_0317_0150_0107.jpg 1 212 317 150 107
0446_0354_0139_0125_0089.jpg 1 354 139 125 89
0447_0209_0224_0204_0145.jpg 1 209 224 204 145
0448_0028_0380_0244_0174.jpg 1 28 380 244 174
0449_0244_0134_0314_0224.jpg 1 244 134 314 224
0450_0364_0292_0162_0115.jpg 1 364 292 162 115
0451_0046_0150_0205_0146.jpg 1 46 150 205 146
0452_0233_0122_0306_0219.jpg 1 233 122 306 219
0453_0073_0304_0315_0225.jpg 1 73 304 315 225
0454_0512_0067_0063_0045.jpg 1 512 67 63 45
0455_0352_0038_0226_0162.jpg 1 352 38 226 162
0456_0083_0120_0078_0056.jpg 1 83 120 78 56
0457_0279_0256_0037_0026.jpg 1 279 256 37 26
0458_0309_0186_0230_0164.jpg 1 309 186 230 164
0459_0271_0088_0298_0213.jpg 1 271 88 298 213
0460_0227_0285_0215_0153.jpg 1 227 285 215 153
0461_0248_0100_0250_0178.jpg 1 248 100 250 178
0462_0090_0201_0186_0132.jpg 1 90 201 186 132
0463_0298_0259_0148_0105.jpg 1 298 259 148 105
0464_0044_0096_0169_0121.jpg 1 44 96 169 121
0465_0290_0190_0087_0062.jpg 1 290 190 87 62
0466_0287_0246_0235_0168.jpg 1 287 246 235 168
0467_0360_0310_0062_0044.jpg 1 360 310 62 44
0468_0272_0073_0166_0118.jpg 1 272 73 166 118
0469_0415_0177_0164_0117.jpg 1 415 177 164 117
0470_0432_0372_0074_0053.jpg 1 432 372 74 53
0471_0145_0328_0312_0223.jpg 1 145 328 312 223
0472_0351_0053_0204_0146.jpg 1 351 53 204 146
0473_0312_0053_0084_0060.jpg 1 312 53 84 60
0474_0153_0193_0197_0141.jpg 1 153 193 197 141
0475_0423_0089_0051_0036.jpg 1 423 89 51 36
0476_0120_0478_0119_0085.jpg 1 120 478 119 85
0477_0183_0196_0145_0104.jpg 1 183 196 145 104
0478_0351_0119_0157_0112.jpg 1 351 119 157 112
0479_0133_0351_0110_0078.jpg 1 133 351 110 78
0480_0371_0249_0118_0084.jpg 1 371 249 118 84
0481_0070_0146_0201_0144.jpg 1 70 146 201 144
0482_0202_0180_0299_0213.jpg 1 202 180 299 213
0483_0213_0130_0197_0140.jpg 1 213 130 197 140
0484_0144_0080_0052_0037.jpg 1 144 80 52 37
0485_0089_0229_0119_0085.jpg 1 89 229 119 85
0486_0122_0031_0283_0202.jpg 1 122 31 283 202
0487_0304_0206_0148_0106.jpg 1 304 206 148 106
0488_0045_0164_0303_0216.jpg 1 45 164 303 216
0489_0112_0321_0313_0224.jpg 1 112 321 313 224
0490_0053_0477_0059_0042.jpg 1 53 477 59 42
0491_0082_0112_0306_0219.jpg 1 82 112 306 219
0492_0126_0217_0117_0084.jpg 1 126 217 117 84
0493_0359_0210_0118_0084.jpg 1 359 210 118 84
0494_0234_0040_0160_0114.jpg 1 234 40 160 114
0495_0040_0081_0322_0230.jpg 1 40 81 322 230
0496_0128_0131_0304_0217.jpg 1 128 131 304 217
0497_0213_0299_0155_0110.jpg 1 213 299 155 110
0498_0126_0077_0301_0215.jpg 1 126 77 301 215
0499_0123_0279_0280_0200.jpg 1 123 279 280 200
0500_0059_0129_0088_0063.jpg 1 59 129 88 63
0501_0435_0058_0043_0031.jpg 1 435 58 43 31
0502_0343_0054_0072_0051.jpg 1 343 54 72 51
0503_0161_0141_0255_0182.jpg 1 161 141 255 182
0504_0281_0182_0092_0066.jpg 1 281 182 92 66
0505_0077_0251_0221_0158.jpg 1 77 251 221 158
0506_0116_0160_0069_0049.jpg 1 116 160 69 49
0507_0094_0314_0118_0084.jpg 1 94 314 118 84
0508_0149_0087_0045_0032.jpg 1 149 87 45 32
0509_0275_0064_0327_0233.jpg 1 275 64 327 233
0510_0053_0141_0285_0204.jpg 1 53 141 285 204
0511_0198_0060_0125_0089.jpg 1 198 60 125 89
0512_0175_0168_0277_0198.jpg 1 175 168 277 198
0513_0128_0194_0326_0232.jpg 1 128 194 326 232
0514_0189_0113_0292_0208.jpg 1 189 113 292 208
0515_0283_0214_0236_0168.jpg 1 283 214 236 168
0516_0364_0184_0087_0062.jpg 1 364 184 87 62
0517_0251_0224_0210_0150.jpg 1 251 224 210 150
0518_0082_0251_0246_0176.jpg 1 82 251 246 176
0519_0145_0319_0157_0112.jpg 1 145 319 157 112
0520_0165_0339_0167_0119.jpg 1 165 339 167 119
0521_0360_0115_0141_0101.jpg 1 360 115 141 101
0522_0097_0066_0288_0206.jpg 1 97 66 288 206
0523_0343_0248_0109_0078.jpg 1 343 248 109 78
0524_0184_0215_0165_0118.jpg 1 184 215 165 118
0525_0112_0069_0312_0223.jpg 1 112 69 312 223
0526_0051_0180_0280_0200.jpg 1 51 180 280 200
0527_0101_0031_0277_0198.jpg 1 101 31 277 198
0528_0307_0203_0068_0048.jpg 1 307 203 68 48
0529_0332_0237_0175_0125.jpg 1 332 237 175 125
0530_0116_0208_0138_0098.jpg 1 116 208 138 98
0531_0163_0233_0145_0104.jpg 1 163 233 145 104
0532_0197_0038_0206_0147.jpg 1 197 38 206 147
0533_0362_0232_0185_0132.jpg 1 362 232 185 132
0534_0064_0142_0329_0235.jpg 1 64 142 329 235
0535_0367_0112_0105_0075.jpg 1 367 112 105 75
0536_0116_0165_0251_0179.jpg 1 116 165 251 179
0537_0194_0173_0252_0180.jpg 1 194 173 252 180
0538_0044_0159_0257_0184.jpg 1 44 159 257 184
0539_0283_0076_0233_0167.jpg 1 283 76 233 167
0540_0128_0233_0090_0064.jpg 1 128 233 90 64
0541_0039_0026_0311_0222.jpg 1 39 26 311 222
0542_0354_0108_0099_0071.jpg 1 354 108 99 71
0543_0109_0194_0323_0230.jpg 1 109 194 323 230
0544_0123_0055_0292_0208.jpg 1 123 55 292 208
0545_0332_0261_0182_0130.jpg 1 332 261 182 130
0546_0245_0235_0174_0124.jpg 1 245 235 174 124
0547_0173_0189_0292_0208.jpg 1 173 189 292 208
0548_0186_0092_0087_0062.jpg 1 186 92 87 62
0549_0093_0084_0236_0168.jpg 1 93 84 236 168
0550_0126_0311_0070_0050.jpg 1 126 311 70 50
0551_0053_0179_0148_0105.jpg 1 53 179 148 105
0552_0432_0067_0137_0098.jpg 1 432 67 137 98
0553_0372_0289_0154_0110.jpg 1 372 289 154 110
0554_0197_0392_0198_0142.jpg 1 197 392 198 142
0555_0339_0247_0211_0151.jpg 1 339 247 211 151
0556_0346_0192_0090_0064.jpg 1 346 192 90 64
0557_0085_0219_0177_0126.jpg 1 85 219 177 126
0558_0267_0232_0155_0111.jpg 1 267 232 155 111
0559_0196_0186_0134_0096.jpg 1 196 186 134 96
0560_0185_0096_0085_0060.jpg 1 185 96 85 60
0561_0095_0153_0297_0212.jpg 1 95 153 297 212
0562_0213_0057_0197_0140.jpg 1 213 57 197 140
0563_0065_0181_0176_0126.jpg 1 65 181 176 126
0564_0155_0422_0191_0136.jpg 1 155 422 191 136
0565_0309_0151_0224_0160.jpg 1 309 151 224 160
0566_0074_0246_0199_0142.jpg 1 74 246 199 142
0567_0084_0316_0097_0069.jpg 1 84 316 97 69
0568_0104_0058_0218_0156.jpg 1 104 58 218 156
0569_0176_0343_0081_0058.jpg 1 176 343 81 58
0570_0356_0036_0233_0167.jpg 1 356 36 233 167
0571_0080_0103_0307_0219.jpg 1 80 103 307 219
0572_0230_0077_0303_0216.jpg 1 230 77 303 216
0573_0145_0247_0270_0192.jpg 1 145 247 270 192
0574_0200_0194_0285_0203.jpg 1 200 194 285 203
0575_0298_0241_0204_0145.jpg 1 298 241 204 145
0576_0252_0051_0146_0104.jpg 1 252 51 146 104
0577_0173_0058_0234_0167.jpg 1 173 58 234 167
0578_0287_0073_0298_0212.jpg 1 287 73 298 212
0579_0032_0062_0332_0237.jpg 1 32 62 332 237
0580_0058_0190_0318_0227.jpg 1 58 190 318 227
0581_0283_0203_0319_0228.jpg 1 283 203 319 228
0582_0280_0207_0157_0112.jpg 1 280 207 157 112
0583_0265_0128_0205_0146.jpg 1 265 128 205 146
0584_0152_0185_0191_0136.jpg 1 152 185 191 136
0585_0200_0100_0309_0220.jpg 1 200 100 309 220
0586_0213_0181_0193_0138.jpg 1 213 181 193 138
0587_0365_0245_0225_0161.jpg 1 365 245 225 161
0588_0287_0137_0245_0175.jpg 1 287 137 245 175
0589_0138_0128_0074_0052.jpg 1 138 128 74 52
0590_0330_0323_0058_0041.jpg 1 330 323 58 41
0591_0230_0064_0192_0137.jpg 1 230 64 192 137
0592_0400_0189_0146_0104.jpg 1 400 189 146 104
0593_0371_0051_0156_0111.jpg 1 371 51 156 111
0594_0062_0113_0180_0128.jpg 1 62 113 180 128
0595_0099_0254_0152_0109.jpg 1 99 254 152 109
0596_0128_0088_0251_0179.jpg 1 128 88 251 179
0597_0423_0121_0093_0067.jpg 1 423 121 93 67
0598_0310_0223_0134_0095.jpg 1 310 223 134 95
0599_0316_0101_0054_0038.jpg 1 316 101 54 38
0600_0314_0238_0142_0102.jpg 1 314 238 142 102
0601_0133_0070_0264_0189.jpg 1 133 70 264 189
0602_0313_0335_0135_0096.jpg 1 313 335 135 96
0603_0078_0056_0133_0095.jpg 1 78 56 133 95
0604_0066_0145_0302_0216.jpg 1 66 145 302 216
0605_0305_0274_0083_0059.jpg 1 305 274 83 59
0606_0180_0419_0113_0081.jpg 1 180 419 113 81
0607_0042_0130_0288_0206.jpg 1 42 130 288 206
0608_0397_0172_0065_0046.jpg 1 397 172 65 46
0609_0106_0069_0324_0231.jpg 1 106 69 324 231
